<?xml version="1.0" encoding="UTF-8"?>
<!-- Generated by org.testng.reporters.JUnitXMLReporter -->
<testsuite ignored="0" hostname="DESKTOP-I8AV3JT" failures="0" tests="2" name="RegressionTests" time="13.99" errors="0" timestamp="16 Mar 2024 21:18:40 GMT">
  <testcase classname="io.cucumber.testng.AbstractTestNGCucumberTests" name="runScenario" time="10.882"/>
  <testcase classname="io.cucumber.testng.AbstractTestNGCucumberTests" name="runScenario" time="2.675"/>
</testsuite> <!-- RegressionTests -->
