<?xml version="1.0" encoding="UTF-8"?>
<!-- Generated by org.testng.reporters.JUnitXMLReporter -->
<testsuite ignored="0" hostname="DESKTOP-I8AV3JT" failures="0" tests="2" name="SmokeTests" time="10.879" errors="0" timestamp="16 Mar 2024 21:20:55 GMT">
  <testcase classname="io.cucumber.testng.AbstractTestNGCucumberTests" name="runScenario" time="8.676"/>
  <testcase classname="io.cucumber.testng.AbstractTestNGCucumberTests" name="runScenario" time="1.776"/>
</testsuite> <!-- SmokeTests -->
