<?xml version="1.0" encoding="UTF-8"?>
<testng-results ignored="0" total="2" passed="2" failed="0" skipped="0">
  <reporter-output>
  </reporter-output>
  <suite started-at="2024-03-16T21:20:44Z" name="Suite1" finished-at="2024-03-16T21:20:55Z" duration-ms="10879">
    <groups>
      <group name="cucumber">
        <method signature="AbstractTestNGCucumberTests.runScenario(io.cucumber.testng.PickleWrapper, io.cucumber.testng.FeatureWrapper)[pri:0, instance:runner.smokeTests@6e2829c7]" name="runScenario" class="io.cucumber.testng.AbstractTestNGCucumberTests"/>
      </group> <!-- cucumber -->
    </groups>
    <test started-at="2024-03-16T21:20:44Z" name="SmokeTests" finished-at="2024-03-16T21:20:55Z" duration-ms="10879">
      <class name="runner.smokeTests">
        <test-method is-config="true" signature="setUpClass(org.testng.ITestContext)[pri:0, instance:runner.smokeTests@6e2829c7]" started-at="2024-03-16T21:20:44Z" name="setUpClass" finished-at="2024-03-16T21:20:45Z" duration-ms="370" status="PASS">
          <params>
            <param index="0">
              <value>
                <![CDATA[org.testng.TestRunner@38aafb53]]>
              </value>
            </param>
          </params>
          <reporter-output>
          </reporter-output>
        </test-method> <!-- setUpClass -->
        <test-method signature="runScenario(io.cucumber.testng.PickleWrapper, io.cucumber.testng.FeatureWrapper)[pri:0, instance:runner.smokeTests@6e2829c7]" started-at="2024-03-16T21:20:45Z" name="runScenario" description="Runs Cucumber Scenarios" data-provider="scenarios" finished-at="2024-03-16T21:20:54Z" duration-ms="8676" status="PASS">
          <params>
            <param index="0">
              <value>
                <![CDATA["searching product in google"]]>
              </value>
            </param>
            <param index="1">
              <value>
                <![CDATA["searching product"]]>
              </value>
            </param>
          </params>
          <reporter-output>
          </reporter-output>
        </test-method> <!-- runScenario -->
        <test-method signature="runScenario(io.cucumber.testng.PickleWrapper, io.cucumber.testng.FeatureWrapper)[pri:0, instance:runner.smokeTests@6e2829c7]" started-at="2024-03-16T21:20:54Z" name="runScenario" description="Runs Cucumber Scenarios" data-provider="scenarios" finished-at="2024-03-16T21:20:55Z" duration-ms="1776" status="PASS">
          <params>
            <param index="0">
              <value>
                <![CDATA["visiting a place"]]>
              </value>
            </param>
            <param index="1">
              <value>
                <![CDATA["visiting a place"]]>
              </value>
            </param>
          </params>
          <reporter-output>
          </reporter-output>
        </test-method> <!-- runScenario -->
        <test-method is-config="true" signature="tearDownClass()[pri:0, instance:runner.smokeTests@6e2829c7]" started-at="2024-03-16T21:20:55Z" name="tearDownClass" finished-at="2024-03-16T21:20:55Z" duration-ms="0" status="PASS">
          <reporter-output>
          </reporter-output>
        </test-method> <!-- tearDownClass -->
      </class> <!-- runner.smokeTests -->
    </test> <!-- SmokeTests -->
  </suite> <!-- Suite1 -->
</testng-results>
